<?xml version="1.0" encoding="UTF-8"?>
<testng-results ignored="0" total="5" passed="5" failed="0" skipped="0">
  <reporter-output>
  </reporter-output>
  <suite started-at="2023-01-23T16:21:27 EST" name="Suite" finished-at="2023-01-23T16:21:45 EST" duration-ms="18806">
    <groups>
    </groups>
    <test started-at="2023-01-23T16:21:27 EST" name="Test" finished-at="2023-01-23T16:21:45 EST" duration-ms="18806">
      <class name="tapanhpandya.testcases.LoginPageTest">
        <test-method is-config="true" signature="init()[pri:0, instance:tapanhpandya.testcases.LoginPageTest@6b09fb41]" started-at="2023-01-23T16:21:42 EST" name="init" finished-at="2023-01-23T16:21:44 EST" duration-ms="2230" status="PASS">
          <reporter-output>
          </reporter-output>
        </test-method> <!-- init -->
        <test-method signature="loginTest()[pri:0, instance:tapanhpandya.testcases.LoginPageTest@6b09fb41]" started-at="2023-01-23T16:21:44 EST" name="loginTest" finished-at="2023-01-23T16:21:45 EST" duration-ms="974" status="PASS">
          <reporter-output>
          </reporter-output>
        </test-method> <!-- loginTest -->
        <test-method is-config="true" signature="tearDown()[pri:0, instance:tapanhpandya.testcases.LoginPageTest@6b09fb41]" started-at="2023-01-23T16:21:45 EST" name="tearDown" finished-at="2023-01-23T16:21:45 EST" duration-ms="132" status="PASS">
          <reporter-output>
          </reporter-output>
        </test-method> <!-- tearDown -->
      </class> <!-- tapanhpandya.testcases.LoginPageTest -->
      <class name="tapanhpandya.testcases.LoginPageTestDay3">
        <test-method is-config="true" signature="setup()[pri:0, instance:tapanhpandya.testcases.LoginPageTestDay3@4722ef0c]" started-at="2023-01-23T16:21:27 EST" name="setup" finished-at="2023-01-23T16:21:30 EST" duration-ms="3500" status="PASS">
          <reporter-output>
          </reporter-output>
        </test-method> <!-- setup -->
        <test-method signature="correctCredentialLoginTest()[pri:1, instance:tapanhpandya.testcases.LoginPageTestDay3@4722ef0c]" started-at="2023-01-23T16:21:30 EST" name="correctCredentialLoginTest" finished-at="2023-01-23T16:21:31 EST" duration-ms="1204" status="PASS">
          <reporter-output>
          </reporter-output>
        </test-method> <!-- correctCredentialLoginTest -->
        <test-method is-config="true" signature="tearDown()[pri:0, instance:tapanhpandya.testcases.LoginPageTestDay3@4722ef0c]" started-at="2023-01-23T16:21:32 EST" name="tearDown" finished-at="2023-01-23T16:21:32 EST" duration-ms="126" status="PASS">
          <reporter-output>
          </reporter-output>
        </test-method> <!-- tearDown -->
        <test-method is-config="true" signature="setup()[pri:0, instance:tapanhpandya.testcases.LoginPageTestDay3@4722ef0c]" started-at="2023-01-23T16:21:32 EST" name="setup" finished-at="2023-01-23T16:21:34 EST" duration-ms="2077" status="PASS">
          <reporter-output>
          </reporter-output>
        </test-method> <!-- setup -->
        <test-method signature="incorrectUserAndCorrectPasswordTest()[pri:2, instance:tapanhpandya.testcases.LoginPageTestDay3@4722ef0c]" started-at="2023-01-23T16:21:34 EST" name="incorrectUserAndCorrectPasswordTest" finished-at="2023-01-23T16:21:34 EST" duration-ms="373" status="PASS">
          <reporter-output>
          </reporter-output>
        </test-method> <!-- incorrectUserAndCorrectPasswordTest -->
        <test-method is-config="true" signature="tearDown()[pri:0, instance:tapanhpandya.testcases.LoginPageTestDay3@4722ef0c]" started-at="2023-01-23T16:21:35 EST" name="tearDown" finished-at="2023-01-23T16:21:35 EST" duration-ms="122" status="PASS">
          <reporter-output>
          </reporter-output>
        </test-method> <!-- tearDown -->
        <test-method is-config="true" signature="setup()[pri:0, instance:tapanhpandya.testcases.LoginPageTestDay3@4722ef0c]" started-at="2023-01-23T16:21:35 EST" name="setup" finished-at="2023-01-23T16:21:37 EST" duration-ms="2092" status="PASS">
          <reporter-output>
          </reporter-output>
        </test-method> <!-- setup -->
        <test-method signature="validUserAndInvalidPasswordTest()[pri:3, instance:tapanhpandya.testcases.LoginPageTestDay3@4722ef0c]" started-at="2023-01-23T16:21:37 EST" name="validUserAndInvalidPasswordTest" finished-at="2023-01-23T16:21:38 EST" duration-ms="338" status="PASS">
          <reporter-output>
          </reporter-output>
        </test-method> <!-- validUserAndInvalidPasswordTest -->
        <test-method is-config="true" signature="tearDown()[pri:0, instance:tapanhpandya.testcases.LoginPageTestDay3@4722ef0c]" started-at="2023-01-23T16:21:38 EST" name="tearDown" finished-at="2023-01-23T16:21:39 EST" duration-ms="111" status="PASS">
          <reporter-output>
          </reporter-output>
        </test-method> <!-- tearDown -->
        <test-method is-config="true" signature="setup()[pri:0, instance:tapanhpandya.testcases.LoginPageTestDay3@4722ef0c]" started-at="2023-01-23T16:21:39 EST" name="setup" finished-at="2023-01-23T16:21:41 EST" duration-ms="2100" status="PASS">
          <reporter-output>
          </reporter-output>
        </test-method> <!-- setup -->
        <test-method signature="invalidUserAndInvalidPasswordTest()[pri:4, instance:tapanhpandya.testcases.LoginPageTestDay3@4722ef0c]" started-at="2023-01-23T16:21:41 EST" name="invalidUserAndInvalidPasswordTest" finished-at="2023-01-23T16:21:41 EST" duration-ms="326" status="PASS">
          <reporter-output>
          </reporter-output>
        </test-method> <!-- invalidUserAndInvalidPasswordTest -->
        <test-method is-config="true" signature="tearDown()[pri:0, instance:tapanhpandya.testcases.LoginPageTestDay3@4722ef0c]" started-at="2023-01-23T16:21:42 EST" name="tearDown" finished-at="2023-01-23T16:21:42 EST" duration-ms="88" status="PASS">
          <reporter-output>
          </reporter-output>
        </test-method> <!-- tearDown -->
      </class> <!-- tapanhpandya.testcases.LoginPageTestDay3 -->
    </test> <!-- Test -->
  </suite> <!-- Suite -->
</testng-results>
