<?xml version="1.0" encoding="UTF-8"?>
<!-- Generated by org.testng.reporters.JUnitXMLReporter -->
<testsuite ignored="0" hostname="Tapan" failures="0" tests="5" name="Test" time="18.806" errors="0" timestamp="2023-01-23T16:21:46 EST">
  <testcase classname="tapanhpandya.testcases.LoginPageTestDay3" name="correctCredentialLoginTest" time="1.204"/>
  <testcase classname="tapanhpandya.testcases.LoginPageTestDay3" name="incorrectUserAndCorrectPasswordTest" time="0.373"/>
  <testcase classname="tapanhpandya.testcases.LoginPageTestDay3" name="validUserAndInvalidPasswordTest" time="0.338"/>
  <testcase classname="tapanhpandya.testcases.LoginPageTestDay3" name="invalidUserAndInvalidPasswordTest" time="0.326"/>
  <testcase classname="tapanhpandya.testcases.LoginPageTest" name="loginTest" time="0.974"/>
</testsuite> <!-- Test -->
