<?xml version="1.0" encoding="UTF-8"?>
<testng-results ignored="0" total="1" passed="1" failed="0" skipped="0">
  <reporter-output>
  </reporter-output>
  <suite started-at="2023-01-18T15:13:37 EST" name="Suite" finished-at="2023-01-18T15:13:43 EST" duration-ms="5916">
    <groups>
    </groups>
    <test started-at="2023-01-18T15:13:37 EST" name="Test" finished-at="2023-01-18T15:13:43 EST" duration-ms="5916">
      <class name="tapanhpandya.testcases.LoginPageTest">
        <test-method is-config="true" signature="init()[pri:0, instance:tapanhpandya.testcases.LoginPageTest@564fabc8]" started-at="2023-01-18T15:13:37 EST" name="init" finished-at="2023-01-18T15:13:41 EST" duration-ms="3279" status="PASS">
          <reporter-output>
          </reporter-output>
        </test-method> <!-- init -->
        <test-method signature="loginTest()[pri:0, instance:tapanhpandya.testcases.LoginPageTest@564fabc8]" started-at="2023-01-18T15:13:41 EST" name="loginTest" finished-at="2023-01-18T15:13:43 EST" duration-ms="2108" status="PASS">
          <reporter-output>
          </reporter-output>
        </test-method> <!-- loginTest -->
        <test-method is-config="true" signature="tearDown()[pri:0, instance:tapanhpandya.testcases.LoginPageTest@564fabc8]" started-at="2023-01-18T15:13:43 EST" name="tearDown" finished-at="2023-01-18T15:13:43 EST" duration-ms="172" status="PASS">
          <reporter-output>
          </reporter-output>
        </test-method> <!-- tearDown -->
      </class> <!-- tapanhpandya.testcases.LoginPageTest -->
    </test> <!-- Test -->
  </suite> <!-- Suite -->
</testng-results>
